[debug] [2022-08-04T21:16:48.019Z] ----------------------------------------------------------------------
[debug] [2022-08-04T21:16:48.021Z] Command:       C:\Program Files\nodejs\node.exe C:\Users\amirhoseinsaneie\AppData\Roaming\npm\node_modules\firebase-tools\lib\bin\firebase.js deploy
[debug] [2022-08-04T21:16:48.021Z] CLI Version:   11.4.2
[debug] [2022-08-04T21:16:48.021Z] Platform:      win32
[debug] [2022-08-04T21:16:48.021Z] Node Version:  v16.11.1
[debug] [2022-08-04T21:16:48.022Z] Time:          Fri Aug 05 2022 01:46:48 GMT+0430 (Iran Daylight Time)
[debug] [2022-08-04T21:16:48.022Z] ----------------------------------------------------------------------
[debug] 
[debug] [2022-08-04T21:16:48.079Z] > command requires scopes: ["email","openid","https://www.googleapis.com/auth/cloudplatformprojects.readonly","https://www.googleapis.com/auth/firebase","https://www.googleapis.com/auth/cloud-platform"]
[debug] [2022-08-04T21:16:48.079Z] > authorizing via signed-in user (amirhoseinsaneie94@gmail.com)
[debug] [2022-08-04T21:16:48.079Z] [iam] checking project mesbahchildrenroom for permissions ["firebase.projects.get","firebasehosting.sites.update"]
[debug] [2022-08-04T21:16:48.081Z] > refreshing access token with scopes: []
[debug] [2022-08-04T21:16:48.082Z] >>> [apiv2][query] POST https://www.googleapis.com/oauth2/v3/token [none]
[debug] [2022-08-04T21:16:48.082Z] >>> [apiv2][body] POST https://www.googleapis.com/oauth2/v3/token [omitted]
[debug] [2022-08-04T21:16:48.608Z] <<< [apiv2][status] POST https://www.googleapis.com/oauth2/v3/token 200
[debug] [2022-08-04T21:16:48.608Z] <<< [apiv2][body] POST https://www.googleapis.com/oauth2/v3/token [omitted]
[debug] [2022-08-04T21:16:48.616Z] >>> [apiv2][query] POST https://cloudresourcemanager.googleapis.com/v1/projects/mesbahchildrenroom:testIamPermissions [none]
[debug] [2022-08-04T21:16:48.617Z] >>> [apiv2][(partial)header] POST https://cloudresourcemanager.googleapis.com/v1/projects/mesbahchildrenroom:testIamPermissions x-goog-quota-user=projects/mesbahchildrenroom
[debug] [2022-08-04T21:16:48.617Z] >>> [apiv2][body] POST https://cloudresourcemanager.googleapis.com/v1/projects/mesbahchildrenroom:testIamPermissions {"permissions":["firebase.projects.get","firebasehosting.sites.update"]}
[debug] [2022-08-04T21:16:50.139Z] <<< [apiv2][status] POST https://cloudresourcemanager.googleapis.com/v1/projects/mesbahchildrenroom:testIamPermissions 403
[debug] [2022-08-04T21:16:50.139Z] <<< [apiv2][body] POST https://cloudresourcemanager.googleapis.com/v1/projects/mesbahchildrenroom:testIamPermissions "<!DOCTYPE html>\n<html lang=en>\n  <meta charset=utf-8>\n  <meta name=viewport content=\"initial-scale=1, minimum-scale=1, width=device-width\">\n  <title>Error 403 (Forbidden)!!1</title>\n  <style>\n    *{margin:0;padding:0}html,code{font:15px/22px arial,sans-serif}html{background:#fff;color:#222;padding:15px}body{margin:7% auto 0;max-width:390px;min-height:180px;padding:30px 0 15px}* > body{background:url(//www.google.com/images/errors/robot.png) 100% 5px no-repeat;padding-right:205px}p{margin:11px 0 22px;overflow:hidden}ins{color:#777;text-decoration:none}a img{border:0}@media screen and (max-width:772px){body{background:none;margin-top:0;max-width:none;padding-right:0}}#logo{background:url(//www.google.com/images/branding/googlelogo/1x/googlelogo_color_150x54dp.png) no-repeat;margin-left:-5px}@media only screen and (min-resolution:192dpi){#logo{background:url(//www.google.com/images/branding/googlelogo/2x/googlelogo_color_150x54dp.png) no-repeat 0% 0%/100% 100%;-moz-border-image:url(//www.google.com/images/branding/googlelogo/2x/googlelogo_color_150x54dp.png) 0}}@media only screen and (-webkit-min-device-pixel-ratio:2){#logo{background:url(//www.google.com/images/branding/googlelogo/2x/googlelogo_color_150x54dp.png) no-repeat;-webkit-background-size:100% 100%}}#logo{display:inline-block;height:54px;width:150px}\n  </style>\n  <a href=//www.google.com/><span id=logo aria-label=Google></span></a>\n  <p><b>403.</b> <ins>That’s an error.</ins>\n  <p>Your client does not have permission to get URL <code>/v1/projects/mesbahchildrenroom:testIamPermissions</code> from this server.  <ins>That’s all we know.</ins>\n"
[debug] [2022-08-04T21:16:50.140Z] [iam] error while checking permissions, command may fail: FirebaseError: Unable to parse JSON: SyntaxError: Unexpected token < in JSON at position 0
[debug] [2022-08-04T21:16:50.140Z] >>> [apiv2][query] GET https://firebase.googleapis.com/v1beta1/projects/mesbahchildrenroom [none]
[debug] [2022-08-04T21:16:51.369Z] <<< [apiv2][status] GET https://firebase.googleapis.com/v1beta1/projects/mesbahchildrenroom 403
[debug] [2022-08-04T21:16:51.369Z] <<< [apiv2][body] GET https://firebase.googleapis.com/v1beta1/projects/mesbahchildrenroom "<!DOCTYPE html>\n<html lang=en>\n  <meta charset=utf-8>\n  <meta name=viewport content=\"initial-scale=1, minimum-scale=1, width=device-width\">\n  <title>Error 403 (Forbidden)!!1</title>\n  <style>\n    *{margin:0;padding:0}html,code{font:15px/22px arial,sans-serif}html{background:#fff;color:#222;padding:15px}body{margin:7% auto 0;max-width:390px;min-height:180px;padding:30px 0 15px}* > body{background:url(//www.google.com/images/errors/robot.png) 100% 5px no-repeat;padding-right:205px}p{margin:11px 0 22px;overflow:hidden}ins{color:#777;text-decoration:none}a img{border:0}@media screen and (max-width:772px){body{background:none;margin-top:0;max-width:none;padding-right:0}}#logo{background:url(//www.google.com/images/branding/googlelogo/1x/googlelogo_color_150x54dp.png) no-repeat;margin-left:-5px}@media only screen and (min-resolution:192dpi){#logo{background:url(//www.google.com/images/branding/googlelogo/2x/googlelogo_color_150x54dp.png) no-repeat 0% 0%/100% 100%;-moz-border-image:url(//www.google.com/images/branding/googlelogo/2x/googlelogo_color_150x54dp.png) 0}}@media only screen and (-webkit-min-device-pixel-ratio:2){#logo{background:url(//www.google.com/images/branding/googlelogo/2x/googlelogo_color_150x54dp.png) no-repeat;-webkit-background-size:100% 100%}}#logo{display:inline-block;height:54px;width:150px}\n  </style>\n  <a href=//www.google.com/><span id=logo aria-label=Google></span></a>\n  <p><b>403.</b> <ins>That’s an error.</ins>\n  <p>Your client does not have permission to get URL <code>/v1beta1/projects/mesbahchildrenroom</code> from this server.  <ins>That’s all we know.</ins>\n"
[debug] [2022-08-04T21:16:51.369Z] Unable to parse JSON: SyntaxError: Unexpected token < in JSON at position 0
[debug] [2022-08-04T21:16:52.511Z] FirebaseError: Unable to parse JSON: SyntaxError: Unexpected token < in JSON at position 0
    at RetryOperation._fn (C:\Users\amirhoseinsaneie\AppData\Roaming\npm\node_modules\firebase-tools\lib\apiv2.js:260:39)
    at processTicksAndRejections (node:internal/process/task_queues:96:5)
[error] 
[error] Error: Failed to get Firebase project mesbahchildrenroom. Please make sure the project exists and your account has permission to access it.
